{"/Users/maksimbardin/Desktop/Учеба/УИПРПО/Моё/Project/secretsCensored/main.js": {"path":"/Users/maksimbardin/Desktop/Учеба/УИПРПО/Моё/Project/secretsCensored/main.js","statementMap":{"0":{"start":{"line":1,"column":11},"end":{"line":1,"column":24}},"1":{"start":{"line":6,"column":20},"end":{"line":11,"column":5}},"2":{"start":{"line":14,"column":4},"end":{"line":16,"column":7}},"3":{"start":{"line":15,"column":8},"end":{"line":15,"column":49}},"4":{"start":{"line":18,"column":4},"end":{"line":18,"column":16}},"5":{"start":{"line":23,"column":4},"end":{"line":30,"column":5}},"6":{"start":{"line":25,"column":21},"end":{"line":25,"column":54}},"7":{"start":{"line":26,"column":8},"end":{"line":26,"column":20}},"8":{"start":{"line":28,"column":8},"end":{"line":28,"column":57}},"9":{"start":{"line":29,"column":8},"end":{"line":29,"column":20}},"10":{"start":{"line":34,"column":17},"end":{"line":34,"column":28}},"11":{"start":{"line":35,"column":13},"end":{"line":35,"column":39}},"12":{"start":{"line":36,"column":0},"end":{"line":39,"column":1}},"13":{"start":{"line":37,"column":24},"end":{"line":37,"column":39}},"14":{"start":{"line":38,"column":4},"end":{"line":38,"column":45}},"15":{"start":{"line":41,"column":0},"end":{"line":41,"column":31}}},"fnMap":{"0":{"name":"cleanText","decl":{"start":{"line":4,"column":9},"end":{"line":4,"column":18}},"loc":{"start":{"line":4,"column":25},"end":{"line":19,"column":1}},"line":4},"1":{"name":"(anonymous_1)","decl":{"start":{"line":14,"column":20},"end":{"line":14,"column":21}},"loc":{"start":{"line":14,"column":29},"end":{"line":16,"column":5}},"line":14},"2":{"name":"readTextFromFile","decl":{"start":{"line":22,"column":9},"end":{"line":22,"column":25}},"loc":{"start":{"line":22,"column":36},"end":{"line":31,"column":1}},"line":22}},"branchMap":{"0":{"loc":{"start":{"line":36,"column":0},"end":{"line":39,"column":1}},"type":"if","locations":[{"start":{"line":36,"column":0},"end":{"line":39,"column":1}},{"start":{},"end":{}}],"line":36}},"s":{"0":1,"1":5,"2":5,"3":20,"4":5,"5":1,"6":1,"7":1,"8":0,"9":0,"10":1,"11":1,"12":1,"13":1,"14":1,"15":1},"f":{"0":5,"1":20,"2":1},"b":{"0":[1,0]},"_coverageSchema":"1a1c01bbd47fc00a2c39e90264f33305004495a9","hash":"5b51ea2ea362642f5d17a394814aae441d0c8cba"}
}
